<?xml version="1.0" encoding="UTF-8"?>
<testng-results ignored="0" total="2" passed="2" failed="0" skipped="0">
  <reporter-output>
  </reporter-output>
  <suite started-at="2023-12-19T16:31:30 EST" name="Default suite" finished-at="2023-12-19T16:31:45 EST" duration-ms="14067">
    <groups>
    </groups>
    <test started-at="2023-12-19T16:31:30 EST" name="Default test" finished-at="2023-12-19T16:31:45 EST" duration-ms="14067">
      <class name="RoughWork">
        <test-method signature="Sample()[pri:0, instance:RoughWork@130c12b7]" started-at="2023-12-19T16:31:30 EST" name="Sample" finished-at="2023-12-19T16:31:39 EST" duration-ms="8221" status="PASS">
          <reporter-output>
          </reporter-output>
        </test-method> <!-- Sample -->
        <test-method signature="Sample2()[pri:0, instance:RoughWork@130c12b7]" started-at="2023-12-19T16:31:39 EST" name="Sample2" finished-at="2023-12-19T16:31:45 EST" duration-ms="5795" status="PASS">
          <reporter-output>
          </reporter-output>
        </test-method> <!-- Sample2 -->
      </class> <!-- RoughWork -->
    </test> <!-- Default test -->
  </suite> <!-- Default suite -->
</testng-results>
